\BOOKMARK [1][-]{section.1}{Ist-Zustand}{}% 1
\BOOKMARK [1][-]{section.2}{Zielsetzung}{}% 2
\BOOKMARK [2][-]{subsection.2.1}{Ziele}{section.2}% 3
\BOOKMARK [2][-]{subsection.2.2}{Erweiterungen}{section.2}% 4
\BOOKMARK [2][-]{subsection.2.3}{Nicht-Ziele}{section.2}% 5
\BOOKMARK [2][-]{subsection.2.4}{Alleinstellungsmerkmal}{section.2}% 6
\BOOKMARK [1][-]{section.3}{Anforderungen}{}% 7
\BOOKMARK [2][-]{subsection.3.1}{Applikation}{section.3}% 8
\BOOKMARK [3][-]{subsubsection.3.1.1}{Heimnetzwerk und Sensoren}{subsection.3.1}% 9
\BOOKMARK [3][-]{subsubsection.3.1.2}{App}{subsection.3.1}% 10
\BOOKMARK [3][-]{subsubsection.3.1.3}{Server}{subsection.3.1}% 11
\BOOKMARK [3][-]{subsubsection.3.1.4}{Usecases}{subsection.3.1}% 12
\BOOKMARK [3][-]{subsubsection.3.1.5}{Aktivit\344tsdiagramme}{subsection.3.1}% 13
\BOOKMARK [1][-]{section.4}{Entwicklung}{}% 14
\BOOKMARK [1][-]{section.5}{Mengenger\374st}{}% 15
\BOOKMARK [1][-]{section.6}{Angebot}{}% 16
\BOOKMARK [2][-]{subsection.6.1}{Plantastic \205 PlantCheck}{section.6}% 17
\BOOKMARK [2][-]{subsection.6.2}{Plantastic \205 PlantCare}{section.6}% 18
\BOOKMARK [2][-]{subsection.6.3}{Plantastic \205 PlantCare +}{section.6}% 19
\BOOKMARK [1][-]{section.7}{Admistratives}{}% 20
\BOOKMARK [2][-]{subsection.7.1}{Lizenz}{section.7}% 21
\BOOKMARK [2][-]{subsection.7.2}{Budgetrahmen}{section.7}% 22
